1693284212666	geckodriver	INFO	Listening on 127.0.0.1:55123
1693284215850	mozrunner::runner	INFO	Running command: "C:\\Program Files\\Mozilla Firefox\\firefox.exe" "--marionette" "--remote-debugging-port" "55124" "--remote-allow-hosts" "localhost" "-no-remote" "-profile" "C:\\Users\\suresh\\AppData\\Local\\Temp\\rust_mozprofilezvILlt"
1693284216513	addons.webextension.doh-rollout@mozilla.org	WARN	Loading extension 'doh-rollout@mozilla.org': Reading manifest: Invalid extension permission: networkStatus
1693284216545	addons.webextension.screenshots@mozilla.org	WARN	Loading extension 'screenshots@mozilla.org': Reading manifest: Invalid extension permission: mozillaAddons
1693284216545	addons.webextension.screenshots@mozilla.org	WARN	Loading extension 'screenshots@mozilla.org': Reading manifest: Invalid extension permission: telemetry
1693284216546	addons.webextension.screenshots@mozilla.org	WARN	Loading extension 'screenshots@mozilla.org': Reading manifest: Invalid extension permission: resource://pdf.js/
1693284216546	addons.webextension.screenshots@mozilla.org	WARN	Loading extension 'screenshots@mozilla.org': Reading manifest: Invalid extension permission: about:reader*
JavaScript error: resource://gre/modules/XULStore.jsm, line 66: Error: Can't find profile directory.
1693284220188	Marionette	INFO	Listening on port 55136
1693284220662	Marionette	WARN	TLS certificate errors will be ignored for this session
JavaScript warning: https://www.zalando.se/R6IEk7/P5Vnv7/BNN_Vjt/sCX/Matk4/Y3r54SDDEa/CzVVcTw7PwU/MmBGM/kVubWU, line 1: unreachable code after return statement
JavaScript warning: https://www.zalando.se/R6IEk7/P5Vnv7/BNN_Vjt/sCX/Matk4/Y3r54SDDEa/CzVVcTw7PwU/MmBGM/kVubWU, line 1: unreachable code after return statement
console.error: "Error while calling actor 'pagestyle's method 'getApplied'" "node is null"
console.error: "getApplied@resource://devtools/server/actors/styles.js:587:5\nhandler@resource://devtools/shared/protocol/Actor.js:154:37\nonPacket@resource://devtools/server/devtools-server-connection.js:380:58\nreceiveMessage@resource://devtools/shared/transport/child-transport.js:66:16\n"
JavaScript error: , line 0: TypeError: NetworkError when attempting to fetch resource.
JavaScript error: , line 0: TypeError: NetworkError when attempting to fetch resource.
JavaScript error: https://mosaic01.ztat.net/base-assets/7-0-4/assets/bundle.js, line 1: Error: Script error for "https://mosaic01.ztat.net/pnl/main-46/live/tff.js"
http://requirejs.org/docs/errors.html#scripterror
JavaScript error: https://mosaic01.ztat.net/base-assets/7-0-4/assets/bundle.js, line 1: ChunkLoadError: Loading chunk 7223 failed.
(error: https://mosaic02.ztat.net/rnd/ng/7223/index-7caced26c32b3460cd6c.js)
JavaScript error: https://mosaic01.ztat.net/base-assets/7-0-4/assets/bundle.js, line 1: ChunkLoadError: Loading chunk 7223 failed.
(error: https://mosaic02.ztat.net/rnd/ng/7223/index-7caced26c32b3460cd6c.js)
console.error: "Error while calling actor 'pagestyle's method 'getLayout'" "node is null"
console.error: "getLayout@resource://devtools/server/actors/styles.js:944:5\nhandler@resource://devtools/shared/protocol/Actor.js:154:37\nonPacket@resource://devtools/server/devtools-server-connection.js:380:58\nreceiveMessage@resource://devtools/shared/transport/child-transport.js:66:16\n"
console.error: (new Error("Protocol error (unknownError): node is null", "resource://devtools/shared/protocol/Front.js", 294))
console.error: (new TypeError("currentNode is null", "resource://devtools/client/inspector/shared/style-change-tracker.js", 66))
TypeError: currentNode is null: canMutationImpactCurrentStyles@resource://devtools/client/inspector/shared/style-change-tracker.js:66:20
onMutations@resource://devtools/client/inspector/shared/style-change-tracker.js:84:41
_emit@resource://devtools/shared/event-emitter.js:226:34
emit@resource://devtools/shared/event-emitter.js:172:18
emit@resource://devtools/shared/event-emitter.js:324:18
getMutations@resource://devtools/shared/fronts/walker.js:411:10

console.error: (new Error("Protocol error (unknownError): node is null", "resource://devtools/shared/protocol/Front.js", 294))
console.error: "Error while calling actor 'pagestyle's method 'getUsedFontFaces'" "node is null"
console.error: "getUsedFontFaces@resource://devtools/server/actors/styles.js:384:24\nhandler@resource://devtools/shared/protocol/Actor.js:154:37\nonPacket@resource://devtools/server/devtools-server-connection.js:380:58\nreceiveMessage@resource://devtools/shared/transport/child-transport.js:66:16\n"
console.error: "Could not get the list of font families" (new Error("Protocol error (unknownError): node is null", "resource://devtools/shared/protocol/Front.js", 294))
JavaScript warning: https://www.zalando.se/R6IEk7/P5Vnv7/BNN_Vjt/sCX/Matk4/Y3r54SDDEa/CzVVcTw7PwU/MmBGM/kVubWU, line 1: unreachable code after return statement
1693285473415	Marionette	INFO	Stopped listening on port 55136
