1693343190441	geckodriver	INFO	Listening on 127.0.0.1:63902
1693343193514	mozrunner::runner	INFO	Running command: "C:\\Program Files\\Mozilla Firefox\\firefox.exe" "--marionette" "--remote-debugging-port" "63903" "--remote-allow-hosts" "localhost" "-no-remote" "-profile" "C:\\Users\\suresh\\AppData\\Local\\Temp\\rust_mozprofilef6Fd16"
1693343194062	addons.webextension.doh-rollout@mozilla.org	WARN	Loading extension 'doh-rollout@mozilla.org': Reading manifest: Invalid extension permission: networkStatus
1693343194095	addons.webextension.screenshots@mozilla.org	WARN	Loading extension 'screenshots@mozilla.org': Reading manifest: Invalid extension permission: mozillaAddons
1693343194097	addons.webextension.screenshots@mozilla.org	WARN	Loading extension 'screenshots@mozilla.org': Reading manifest: Invalid extension permission: telemetry
1693343194097	addons.webextension.screenshots@mozilla.org	WARN	Loading extension 'screenshots@mozilla.org': Reading manifest: Invalid extension permission: resource://pdf.js/
1693343194097	addons.webextension.screenshots@mozilla.org	WARN	Loading extension 'screenshots@mozilla.org': Reading manifest: Invalid extension permission: about:reader*
JavaScript error: resource://gre/modules/XULStore.jsm, line 66: Error: Can't find profile directory.
1693343198406	Marionette	INFO	Listening on port 63911
1693343198922	Marionette	WARN	TLS certificate errors will be ignored for this session
JavaScript warning: https://www.zalando.se/R6IEk7/P5Vnv7/BNN_Vjt/sCX/Matk4/Y3r54SDDEa/CzVVcTw7PwU/MmBGM/kVubWU, line 1: unreachable code after return statement
1693343211656	Marionette	WARN	TimedPromise timed out after 500 ms: stacktrace:
TimedPromise/<@chrome://marionette/content/sync.js:244:13
TimedPromise@chrome://marionette/content/sync.js:229:10
interaction.flushEventLoop@chrome://marionette/content/interaction.js:416:10
webdriverClickElement@chrome://marionette/content/interaction.js:182:31
JavaScript warning: https://accounts.zalando.com/q7qtLhHK/SkHukP2/2dex-vH/hj/Qi9YGVi55a/QGtpNgFaBQ/aD/xyUF8eNCk, line 1: unreachable code after return statement
1693343217237	Marionette	WARN	TimedPromise timed out after 500 ms: stacktrace:
TimedPromise/<@chrome://marionette/content/sync.js:244:13
TimedPromise@chrome://marionette/content/sync.js:229:10
interaction.flushEventLoop@chrome://marionette/content/interaction.js:416:10
webdriverClickElement@chrome://marionette/content/interaction.js:182:31
1693343217447	Marionette	INFO	Stopped listening on port 63911

###!!! [Child][RunMessage] Error: Channel closing: too late to send/recv, messages will be lost


###!!! [Child][MessageChannel::SendAndWait] Error: Channel error: cannot send/recv

