1693344763832	geckodriver	INFO	Listening on 127.0.0.1:54135
1693344766878	mozrunner::runner	INFO	Running command: "C:\\Program Files\\Mozilla Firefox\\firefox.exe" "--marionette" "--remote-debugging-port" "54136" "--remote-allow-hosts" "localhost" "-no-remote" "-profile" "C:\\Users\\suresh\\AppData\\Local\\Temp\\rust_mozprofileTxFNd9"
1693344768197	addons.webextension.doh-rollout@mozilla.org	WARN	Loading extension 'doh-rollout@mozilla.org': Reading manifest: Invalid extension permission: networkStatus
1693344768238	addons.webextension.screenshots@mozilla.org	WARN	Loading extension 'screenshots@mozilla.org': Reading manifest: Invalid extension permission: mozillaAddons
1693344768238	addons.webextension.screenshots@mozilla.org	WARN	Loading extension 'screenshots@mozilla.org': Reading manifest: Invalid extension permission: telemetry
1693344768238	addons.webextension.screenshots@mozilla.org	WARN	Loading extension 'screenshots@mozilla.org': Reading manifest: Invalid extension permission: resource://pdf.js/
1693344768238	addons.webextension.screenshots@mozilla.org	WARN	Loading extension 'screenshots@mozilla.org': Reading manifest: Invalid extension permission: about:reader*
1693344772685	Marionette	INFO	Listening on port 54145
1693344772775	Marionette	WARN	TLS certificate errors will be ignored for this session
JavaScript warning: https://www.zalando.se/R6IEk7/P5Vnv7/BNN_Vjt/sCX/Matk4/Y3r54SDDEa/CzVVcTw7PwU/MmBGM/kVubWU, line 1: unreachable code after return statement
JavaScript warning: https://www.zalando.se/R6IEk7/P5Vnv7/BNN_Vjt/sCX/Matk4/Y3r54SDDEa/CzVVcTw7PwU/MmBGM/kVubWU, line 1: Failed to create WebGL context: WebGL is currently disabled.
JavaScript warning: https://www.zalando.se/R6IEk7/P5Vnv7/BNN_Vjt/sCX/Matk4/Y3r54SDDEa/CzVVcTw7PwU/MmBGM/kVubWU, line 1: Failed to create WebGL context: WebGL is currently disabled.
JavaScript warning: https://www.zalando.se/R6IEk7/P5Vnv7/BNN_Vjt/sCX/Matk4/Y3r54SDDEa/CzVVcTw7PwU/MmBGM/kVubWU, line 1: Failed to create WebGL context: WebGL is currently disabled.
1693344785605	Marionette	WARN	TimedPromise timed out after 500 ms: stacktrace:
TimedPromise/<@chrome://marionette/content/sync.js:244:13
TimedPromise@chrome://marionette/content/sync.js:229:10
interaction.flushEventLoop@chrome://marionette/content/interaction.js:416:10
webdriverClickElement@chrome://marionette/content/interaction.js:182:31
1693344786886	Marionette	INFO	Stopped listening on port 54145
WARNING: At least one completion condition is taking too long to complete. Conditions: [{"name":"SessionStore: flushing all windows","state":{"total":1,"current":0},"filename":"resource:///modules/sessionstore/SessionStore.jsm","lineNumber":1826,"stack":["resource:///modules/sessionstore/SessionStore.jsm:ssi_onQuitApplicationGranted:1826","resource:///modules/sessionstore/SessionStore.jsm:ssi_observe:871","chrome://marionette/content/driver.js:GeckoDriver.prototype.quit:3514","chrome://marionette/content/server.js:despatch:305","chrome://marionette/content/server.js:execute:275","chrome://marionette/content/server.js:onPacket/<:248","chrome://marionette/content/server.js:onPacket:249","chrome://marionette/content/transport.js:_onJSONObjectReady/<:501"]}] Barrier: quit-application-granted
